<?xml version="1.0" encoding="UTF-8"?>
<!-- Generated by org.testng.reporters.JUnitXMLReporter -->
<testsuite hostname="DESKTOP-UBQJ9QQ" ignored="0" name="C" tests="3" failures="0" timestamp="24 Jun 2020 13:35:56 GMT" time="0.015" errors="0">
  <testcase name="testB" time="0.0" classname="com.uiFrameWork.CompanyName.ProjectName.testScripts.C">
    <skipped/>
  </testcase> <!-- testB -->
  <testcase name="testB" time="0.0" classname="com.uiFrameWork.CompanyName.ProjectName.testScripts.C">
    <skipped/>
  </testcase> <!-- testB -->
  <testcase name="testB" time="0.015" classname="com.uiFrameWork.CompanyName.ProjectName.testScripts.C"/>
</testsuite> <!-- C -->
