<?xml version="1.0" encoding="UTF-8"?>
<!-- Generated by org.testng.reporters.JUnitXMLReporter -->
<testsuite hostname="DESKTOP-UBQJ9QQ" ignored="0" name="Demo" tests="3" failures="1" timestamp="23 Jun 2020 13:40:29 GMT" time="0.32" errors="0">
  <testcase name="testLogin1" time="0.008" classname="com.uiFrameWork.CompanyName.ProjectName.testScripts.Demo"/>
  <testcase name="testLogin2" time="0.008" classname="com.uiFrameWork.CompanyName.ProjectName.testScripts.Demo"/>
  <testcase name="testLogin3" time="0.0" classname="com.uiFrameWork.CompanyName.ProjectName.testScripts.Demo">
    <failure type="java.lang.AssertionError" message="expected [true] but found [false]">
      <![CDATA[java.lang.AssertionError: expected [true] but found [false]
at com.uiFrameWork.CompanyName.ProjectName.testScripts.Demo.testLogin3(Demo.java:23)
... Removed 29 stack frames]]>
    </failure>
  </testcase> <!-- testLogin3 -->
</testsuite> <!-- Demo -->
